The system is: Windows - 10.0.19043 - AMD64
Compiling the C compiler identification source file "CMakeCCompilerId.c" succeeded.
Compiler:  
Build flags: 
Id flags:  

The output was:
0
Microsoft (R) Build Engine version 16.8.3+39993bd9d for .NET Framework
Copyright (C) Microsoft Corporation. All rights reserved.

Build started 07/02/2022 01:34:42.
Project "E:\Dora\Documents\grafika\Face_with_lighting-OpenGL\build\CMakeFiles\3.22.0-rc2\CompilerIdC\CompilerIdC.vcxproj" on node 1 (default targets).
PrepareForBuild:
  Creating directory "Debug\".
  Creating directory "Debug\CompilerIdC.tlog\".
InitializeBuildStatus:
  Creating "Debug\CompilerIdC.tlog\unsuccessfulbuild" because "AlwaysCreate" was specified.
ClCompile:
  E:\Program Files (x86)\VisualStudio\VC\Tools\MSVC\14.28.29333\bin\HostX64\x64\CL.exe /c /nologo /W0 /WX- /diagnostics:column /Od /D _MBCS /Gm- /EHsc /RTC1 /MDd /GS /fp:precise /Zc:wchar_t /Zc:forScope /Zc:inline /Fo"Debug\\" /Fd"Debug\vc142.pdb" /Gd /TC /FC /errorReport:queue CMakeCCompilerId.c
  CMakeCCompilerId.c
Link:
  E:\Program Files (x86)\VisualStudio\VC\Tools\MSVC\14.28.29333\bin\HostX64\x64\link.exe /ERRORREPORT:QUEUE /OUT:".\CompilerIdC.exe" /INCREMENTAL:NO /NOLOGO kernel32.lib user32.lib gdi32.lib winspool.lib comdlg32.lib advapi32.lib shell32.lib ole32.lib oleaut32.lib uuid.lib odbc32.lib odbccp32.lib /MANIFEST /MANIFESTUAC:"level='asInvoker' uiAccess='false'" /manifest:embed /PDB:".\CompilerIdC.pdb" /SUBSYSTEM:CONSOLE /TLBID:1 /DYNAMICBASE /NXCOMPAT /IMPLIB:".\CompilerIdC.lib" /MACHINE:X64 Debug\CMakeCCompilerId.obj
  CompilerIdC.vcxproj -> E:\Dora\Documents\grafika\Face_with_lighting-OpenGL\build\CMakeFiles\3.22.0-rc2\CompilerIdC\CompilerIdC.exe
PostBuildEvent:
  for %%i in (cl.exe) do @echo CMAKE_C_COMPILER=%%~$PATH:i
  :VCEnd
  CMAKE_C_COMPILER=E:\Program Files (x86)\VisualStudio\VC\Tools\MSVC\14.28.29333\bin\Hostx64\x64\cl.exe
FinalizeBuildStatus:
  Deleting file "Debug\CompilerIdC.tlog\unsuccessfulbuild".
  Touching "Debug\CompilerIdC.tlog\CompilerIdC.lastbuildstate".
Done Building Project "E:\Dora\Documents\grafika\Face_with_lighting-OpenGL\build\CMakeFiles\3.22.0-rc2\CompilerIdC\CompilerIdC.vcxproj" (default targets).

Build succeeded.
    0 Warning(s)
    0 Error(s)

Time Elapsed 00:00:00.95


Compilation of the C compiler identification source "CMakeCCompilerId.c" produced "CompilerIdC.exe"

Compilation of the C compiler identification source "CMakeCCompilerId.c" produced "CompilerIdC.vcxproj"

The C compiler identification is MSVC, found in "E:/Dora/Documents/grafika/Face_with_lighting-OpenGL/build/CMakeFiles/3.22.0-rc2/CompilerIdC/CompilerIdC.exe"

Compiling the CXX compiler identification source file "CMakeCXXCompilerId.cpp" succeeded.
Compiler:  
Build flags: 
Id flags:  

The output was:
0
Microsoft (R) Build Engine version 16.8.3+39993bd9d for .NET Framework
Copyright (C) Microsoft Corporation. All rights reserved.

Build started 07/02/2022 01:34:43.
Project "E:\Dora\Documents\grafika\Face_with_lighting-OpenGL\build\CMakeFiles\3.22.0-rc2\CompilerIdCXX\CompilerIdCXX.vcxproj" on node 1 (default targets).
PrepareForBuild:
  Creating directory "Debug\".
  Creating directory "Debug\CompilerIdCXX.tlog\".
InitializeBuildStatus:
  Creating "Debug\CompilerIdCXX.tlog\unsuccessfulbuild" because "AlwaysCreate" was specified.
ClCompile:
  E:\Program Files (x86)\VisualStudio\VC\Tools\MSVC\14.28.29333\bin\HostX64\x64\CL.exe /c /nologo /W0 /WX- /diagnostics:column /Od /D _MBCS /Gm- /EHsc /RTC1 /MDd /GS /fp:precise /Zc:wchar_t /Zc:forScope /Zc:inline /Fo"Debug\\" /Fd"Debug\vc142.pdb" /Gd /TP /FC /errorReport:queue CMakeCXXCompilerId.cpp
  CMakeCXXCompilerId.cpp
Link:
  E:\Program Files (x86)\VisualStudio\VC\Tools\MSVC\14.28.29333\bin\HostX64\x64\link.exe /ERRORREPORT:QUEUE /OUT:".\CompilerIdCXX.exe" /INCREMENTAL:NO /NOLOGO kernel32.lib user32.lib gdi32.lib winspool.lib comdlg32.lib advapi32.lib shell32.lib ole32.lib oleaut32.lib uuid.lib odbc32.lib odbccp32.lib /MANIFEST /MANIFESTUAC:"level='asInvoker' uiAccess='false'" /manifest:embed /PDB:".\CompilerIdCXX.pdb" /SUBSYSTEM:CONSOLE /TLBID:1 /DYNAMICBASE /NXCOMPAT /IMPLIB:".\CompilerIdCXX.lib" /MACHINE:X64 Debug\CMakeCXXCompilerId.obj
  CompilerIdCXX.vcxproj -> E:\Dora\Documents\grafika\Face_with_lighting-OpenGL\build\CMakeFiles\3.22.0-rc2\CompilerIdCXX\CompilerIdCXX.exe
PostBuildEvent:
  for %%i in (cl.exe) do @echo CMAKE_CXX_COMPILER=%%~$PATH:i
  :VCEnd
  CMAKE_CXX_COMPILER=E:\Program Files (x86)\VisualStudio\VC\Tools\MSVC\14.28.29333\bin\Hostx64\x64\cl.exe
FinalizeBuildStatus:
  Deleting file "Debug\CompilerIdCXX.tlog\unsuccessfulbuild".
  Touching "Debug\CompilerIdCXX.tlog\CompilerIdCXX.lastbuildstate".
Done Building Project "E:\Dora\Documents\grafika\Face_with_lighting-OpenGL\build\CMakeFiles\3.22.0-rc2\CompilerIdCXX\CompilerIdCXX.vcxproj" (default targets).

Build succeeded.
    0 Warning(s)
    0 Error(s)

Time Elapsed 00:00:00.56


Compilation of the CXX compiler identification source "CMakeCXXCompilerId.cpp" produced "CompilerIdCXX.exe"

Compilation of the CXX compiler identification source "CMakeCXXCompilerId.cpp" produced "CompilerIdCXX.vcxproj"

The CXX compiler identification is MSVC, found in "E:/Dora/Documents/grafika/Face_with_lighting-OpenGL/build/CMakeFiles/3.22.0-rc2/CompilerIdCXX/CompilerIdCXX.exe"

Detecting C compiler ABI info compiled with the following output:
Change Dir: E:/Dora/Documents/grafika/Face_with_lighting-OpenGL/build/CMakeFiles/CMakeTmp

Run Build Command(s):E:/Program Files (x86)/VisualStudio/MSBuild/Current/Bin/MSBuild.exe cmTC_07425.vcxproj /p:Configuration=Debug /p:Platform=x64 /p:VisualStudioVersion=16.0 /v:m && Microsoft (R) Build Engine version 16.8.3+39993bd9d for .NET Framework
Copyright (C) Microsoft Corporation. All rights reserved.

  Microsoft (R) C/C++ Optimizing Compiler Version 19.28.29337 for x64
  Copyright (C) Microsoft Corporation.  All rights reserved.
  CMakeCCompilerABI.c
  cl /c /Zi /W3 /WX- /diagnostics:column /Od /Ob0 /D _MBCS /D WIN32 /D _WINDOWS /D "CMAKE_INTDIR=\"Debug\"" /Gm- /RTC1 /MDd /GS /fp:precise /Zc:wchar_t /Zc:forScope /Zc:inline /Fo"cmTC_07425.dir\Debug\\" /Fd"cmTC_07425.dir\Debug\vc142.pdb" /Gd /TC /errorReport:queue "E:\Program Files\CMake\share\cmake-3.22\Modules\CMakeCCompilerABI.c"
  cmTC_07425.vcxproj -> E:\Dora\Documents\grafika\Face_with_lighting-OpenGL\build\CMakeFiles\CMakeTmp\Debug\cmTC_07425.exe



Detecting CXX compiler ABI info compiled with the following output:
Change Dir: E:/Dora/Documents/grafika/Face_with_lighting-OpenGL/build/CMakeFiles/CMakeTmp

Run Build Command(s):E:/Program Files (x86)/VisualStudio/MSBuild/Current/Bin/MSBuild.exe cmTC_7d60f.vcxproj /p:Configuration=Debug /p:Platform=x64 /p:VisualStudioVersion=16.0 /v:m && Microsoft (R) Build Engine version 16.8.3+39993bd9d for .NET Framework
Copyright (C) Microsoft Corporation. All rights reserved.

  Microsoft (R) C/C++ Optimizing Compiler Version 19.28.29337 for x64
  Copyright (C) Microsoft Corporation.  All rights reserved.
  CMakeCXXCompilerABI.cpp
  cl /c /Zi /W3 /WX- /diagnostics:column /Od /Ob0 /D _MBCS /D WIN32 /D _WINDOWS /D "CMAKE_INTDIR=\"Debug\"" /Gm- /EHsc /RTC1 /MDd /GS /fp:precise /Zc:wchar_t /Zc:forScope /Zc:inline /GR /Fo"cmTC_7d60f.dir\Debug\\" /Fd"cmTC_7d60f.dir\Debug\vc142.pdb" /Gd /TP /errorReport:queue "E:\Program Files\CMake\share\cmake-3.22\Modules\CMakeCXXCompilerABI.cpp"
  cmTC_7d60f.vcxproj -> E:\Dora\Documents\grafika\Face_with_lighting-OpenGL\build\CMakeFiles\CMakeTmp\Debug\cmTC_7d60f.exe



